Сборка начата 29.05.2015 22:37:22.
     1>Проект "C:\Users\Мышь\Desktop\dfdfdf\dfdfdf\dfdfdf.vcxproj" в узле 2 (целевые объекты Build).
     1>ClCompile:
         C:\Program Files (x86)\Microsoft Visual Studio 11.0\VC\bin\CL.exe /c /ZI /nologo /W3 /WX- /Od /Oy- /D WIN32 /D _DEBUG /D _CONSOLE /D _UNICODE /D UNICODE /Gm /EHsc /RTC1 /MDd /GS /fp:precise /Zc:wchar_t /Zc:forScope /Fo"Debug\\" /Fd"Debug\vc110.pdb" /Gd /TP /analyze- /errorReport:prompt main2.cpp
         main2.cpp
     1>c:\users\мышь\desktop\dfdfdf\dfdfdf\main2.cpp(31): warning C4996: 'getch': The POSIX name for this item is deprecated. Instead, use the ISO C++ conformant name: _getch. See online help for details.
                 c:\program files (x86)\microsoft visual studio 11.0\vc\include\conio.h(131): см. объявление "getch"
     1>c:\users\мышь\desktop\dfdfdf\dfdfdf\main2.cpp(115): warning C4996: 'getch': The POSIX name for this item is deprecated. Instead, use the ISO C++ conformant name: _getch. See online help for details.
                 c:\program files (x86)\microsoft visual studio 11.0\vc\include\conio.h(131): см. объявление "getch"
     1>c:\users\мышь\desktop\dfdfdf\dfdfdf\main2.cpp(141): warning C4996: 'getch': The POSIX name for this item is deprecated. Instead, use the ISO C++ conformant name: _getch. See online help for details.
                 c:\program files (x86)\microsoft visual studio 11.0\vc\include\conio.h(131): см. объявление "getch"
     1>c:\users\мышь\desktop\dfdfdf\dfdfdf\main2.cpp(212): warning C4996: 'getch': The POSIX name for this item is deprecated. Instead, use the ISO C++ conformant name: _getch. See online help for details.
                 c:\program files (x86)\microsoft visual studio 11.0\vc\include\conio.h(131): см. объявление "getch"
     1>c:\users\мышь\desktop\dfdfdf\dfdfdf\main2.cpp(233): warning C4996: 'getch': The POSIX name for this item is deprecated. Instead, use the ISO C++ conformant name: _getch. See online help for details.
                 c:\program files (x86)\microsoft visual studio 11.0\vc\include\conio.h(131): см. объявление "getch"
       Link:
         C:\Program Files (x86)\Microsoft Visual Studio 11.0\VC\bin\link.exe /ERRORREPORT:PROMPT /OUT:"C:\Users\Мышь\Desktop\dfdfdf\Debug\dfdfdf.exe" /INCREMENTAL /NOLOGO kernel32.lib user32.lib gdi32.lib winspool.lib comdlg32.lib advapi32.lib shell32.lib ole32.lib oleaut32.lib uuid.lib odbc32.lib odbccp32.lib /MANIFEST /MANIFESTUAC:"level='asInvoker' uiAccess='false'" /manifest:embed /DEBUG /PDB:"C:\Users\Мышь\Desktop\dfdfdf\Debug\dfdfdf.pdb" /SUBSYSTEM:CONSOLE /TLBID:1 /DYNAMICBASE /NXCOMPAT /IMPLIB:"C:\Users\Мышь\Desktop\dfdfdf\Debug\dfdfdf.lib" /MACHINE:X86 Debug\abonent.obj
         Debug\main2.obj
         dfdfdf.vcxproj -> C:\Users\Мышь\Desktop\dfdfdf\Debug\dfdfdf.exe
     1>Построение проекта "C:\Users\Мышь\Desktop\dfdfdf\dfdfdf\dfdfdf.vcxproj" завершено (целевые объекты Build).

Сборка успешно завершена.

Затраченное время: 00:00:02.19
